make all --print-data-base --no-builtin-variables --no-builtin-rules --question
# GNU Make 3.81
# Copyright (C) 2006  Free Software Foundation, Inc.
# This is free software; see the source for copying conditions.
# There is NO warranty; not even for MERCHANTABILITY or FITNESS FOR A
# PARTICULAR PURPOSE.

# This program built for i386-apple-darwin11.3.0
 

# Make data base, printed on Sat Jun 19 18:44:57 2021

# Variables

# automatic
<D = $(patsubst %/,%,$(dir $<))
# automatic
?F = $(notdir $?)
# environment
VSCODE_LOG_NATIVE = false
# automatic
?D = $(patsubst %/,%,$(dir $?))
# automatic
@D = $(patsubst %/,%,$(dir $@))
# automatic
@F = $(notdir $@)
# makefile
CURDIR := /Users/rmartins/minitalk/romeu.minitalk
# makefile
SHELL = /bin/sh
# makefile (from `Makefile', line 19)
OBJ_SERVER = $(SRC_SERVER:%.c=$(OBJ_DIR)/%.o)
# environment
VSCODE_NLS_CONFIG = {"locale":"en-us","availableLanguages":{},"_languagePackSupport":true}
# environment
_ = /usr/bin/make
# makefile (from `Makefile', line 16)
CFLAGS = -Wall -Wextra -Werror -g
# makefile (from `Makefile', line 20)
OBJ_COMMON = $(SRC_COMMON:%.c=$(OBJ_DIR)/%.o)
# makefile (from `Makefile', line 1)
MAKEFILE_LIST :=  Makefile
# environment
VSCODE_NODE_CACHED_DATA_DIR = /Users/rmartins/Library/Application Support/Code/CachedData/b4c1bd0a9b03c749ea011b06c6d2676c8091a70c
# makefile (from `Makefile', line 17)
OBJ_DIR = obj
# environment
AUTOJUMP_SOURCED = 1
# makefile (from `Makefile', line 75)
ANSI_B_BGREEN = "\033[42;1m"
# environment
VSCODE_VERBOSE_LOGGING = true
# environment
VSCODE_IPC_HOOK_EXTHOST = /var/folders/zz/zyxvpxvq6csfxvn_n00017kh0009wm/T/vscode-ipc-c06b53d9-c0e2-45db-8023-0c5d17ad44db.sock
# environment
VSCODE_CWD = /
# environment
PATH = /Users/rmartins/.brew/bin:/Users/rmartins/.autojump/bin:/usr/local/bin:/usr/bin:/bin:/usr/sbin:/sbin:/usr/local/munki
# environment
LSCOLORS = Gxfxcxdxbxegedabagacad
# makefile (from `Makefile', line 30)
SRC_CLIENT = client/client.c client/arg_management.c client/wait_for_ack.c
# makefile (from `Makefile', line 13)
NAME_SERVER = server
# environment
LaunchInstanceID = 1BF729A8-F7A1-4167-B24D-35E66969C3F8
# makefile (from `Makefile', line 73)
ANSI_RESET = "\033[0m"
# environment
VSCODE_LOG_STACK = false
# environment
ELECTRON_RUN_AS_NODE = 1
# default
.FEATURES := target-specific order-only second-expansion else-if archives jobserver check-symlink
# environment
SSH_AUTH_SOCK = /private/tmp/com.apple.launchd.n1A1SU21rT/Listeners
# automatic
%F = $(notdir $%)
# makefile (from `Makefile', line 76)
ANSI_F_BRED = "\033[31;1m"
# environment
HOMEBREW_TEMP = /tmp/rmartins/Homebrew/Temp
# makefile (from `Makefile', line 77)
ANSI_F_BBLACK = "\033[30;1m"
# environment
VSCODE_PIPE_LOGGING = true
# environment
PWD = /Users/rmartins/minitalk/romeu.minitalk
# environment
ORIGINAL_XDG_CURRENT_DESKTOP = undefined
# environment
VSCODE_AMD_ENTRYPOINT = vs/workbench/services/extensions/node/extensionHostProcess
# environment
HOME = /Users/rmartins
# default
MAKEFILEPATH := /Applications/Xcode.app/Contents/Developer/Makefiles
# environment
LOGNAME = rmartins
# environment
APPLICATION_INSIGHTS_NO_DIAGNOSTIC_CHANNEL = true
# environment
ZSH = /Users/rmartins/.oh-my-zsh
# environment
VSCODE_HANDLES_UNCAUGHT_ERRORS = true
# automatic
^D = $(patsubst %/,%,$(dir $^))
# environment
XPC_FLAGS = 0x0
# makefile (from `Makefile', line 74)
ANSI_B_RED = "\033[41m"
# default
MAKE = $(MAKE_COMMAND)
# default
MAKECMDGOALS := all
# environment
HOMEBREW_CACHE = /tmp/rmartins/Homebrew/Caches
# environment
SHLVL = 1
# environment
POSH_THEME = /Users/rmartins/.brew/opt/oh-my-posh/themes/romeu.omp.json
# default
MAKE_VERSION := 3.81
# environment
USER = rmartins
# makefile
.DEFAULT_GOAL := all
# makefile (from `Makefile', line 21)
OBJ_CLIENT = $(SRC_CLIENT:%.c=$(OBJ_DIR)/%.o)
# environment
LESS = -R
# automatic
%D = $(patsubst %/,%,$(dir $%))
# default
MAKE_COMMAND := /Applications/Xcode.app/Contents/Developer/usr/bin/make
# default
.VARIABLES := 
# environment
TMPDIR = /var/folders/zz/zyxvpxvq6csfxvn_n00017kh0009wm/T/
# automatic
*F = $(notdir $*)
# environment
VSCODE_IPC_HOOK = /Users/rmartins/Library/Application Support/Code/1.57.0-main.sock
# makefile
MAKEFLAGS = Rrqp
# environment
MFLAGS = -Rrqp
# automatic
*D = $(patsubst %/,%,$(dir $*))
# environment
XPC_SERVICE_NAME = com.apple.xpc.launchd.oneshot.0x1000000d.Electron
# makefile (from `Makefile', line 27)
SRC_SERVER = server/server.c server/server_utils.c
# automatic
+D = $(patsubst %/,%,$(dir $+))
# automatic
+F = $(notdir $+)
# makefile (from `Makefile', line 34)
SRC_COMMON = common/ft_putchar.c common/ft_putnbr.c common/ft_putstr.c common/ft_atoi.c common/print_error_message.c
# environment
__CF_USER_TEXT_ENCODING = 0x2794:0x0:0x0
# environment
COMMAND_MODE = unix2003
# default
MAKEFILES := 
# makefile (from `Makefile', line 18)
SRC_DIR = src
# automatic
<F = $(notdir $<)
# environment
PAGER = less
# environment
LC_ALL = C
# makefile (from `Makefile', line 23)
HEADER = ft_ansi.h minitalk.h client.h
# environment
SECURITYSESSIONID = 186ff
# automatic
^F = $(notdir $^)
# default
SUFFIXES := 
# default
.INCLUDE_DIRS = /usr/local/include
# makefile (from `Makefile', line 14)
NAME_CLIENT = client
# environment
MAKELEVEL := 0
# environment
AUTOJUMP_ERROR_PATH = /Users/rmartins/Library/autojump/errors.log
# environment
LANG = C
# environment
VSCODE_PID = 95735
# variable set hash-table stats:
# Load=89/1024=9%, Rehash=0, Collisions=5/135=4%

# Pattern-specific Variable Values

# No pattern-specific variable values.

# Directories

# src/server (device 16777225, inode 1526280): 3 files, no impossibilities so far.
# . (device 16777225, inode 1526191): 14 files, no impossibilities.
# inc (device 16777225, inode 1526262): 5 files, no impossibilities so far.

# 22 files, no impossibilities in 3 directories.

# Implicit Rules

obj/%.o: src/%.c inc/ft_ansi.h inc/minitalk.h inc/client.h
#  commands to execute (from `Makefile', line 54):
	mkdir -p $(dir $@)
	gcc $(CFLAGS) -Iinc -c $< -o $@
	

# 1 implicit rules, 0 (0.0%) terminal.

# Files

# Not a target:
obj/common/print_error_message.o:
#  Implicit rule search has not been done.
#  Modification time never checked.
#  File has not been updated.

# Not a target:
obj/common/ft_putstr.o:
#  Implicit rule search has not been done.
#  Modification time never checked.
#  File has not been updated.

# Not a target:
obj/common/ft_putchar.o:
#  Implicit rule search has not been done.
#  Modification time never checked.
#  File has not been updated.

all: server client
#  Phony target (prerequisite of .PHONY).
#  Command-line target.
#  Implicit rule search has not been done.
#  File does not exist.
#  File has been updated.
#  Needs to be updated (-q is set).
# variable set hash-table stats:
# Load=0/32=0%, Rehash=0, Collisions=0/3=0%

client: obj/client/client.o obj/client/arg_management.o obj/client/wait_for_ack.o obj/common/ft_putchar.o obj/common/ft_putnbr.o obj/common/ft_putstr.o obj/common/ft_atoi.o obj/common/print_error_message.o
#  Implicit rule search has not been done.
#  Modification time never checked.
#  File has not been updated.
#  commands to execute (from `Makefile', line 49):
	@echo $(ANSI_B_BGREEN) "compile executable: client" $(ANSI_RESET)$(ANSI_F_BBLACK)
	gcc $(CFLAGS) $(OBJ_CLIENT) $(OBJ_COMMON) -o $(NAME_CLIENT)
	@echo $(ANSI_RESET) ""
	

.PHONY: all clean fclean
#  Implicit rule search has not been done.
#  Modification time never checked.
#  File has not been updated.

# Not a target:
.SUFFIXES:
#  Implicit rule search has not been done.
#  Modification time never checked.
#  File has not been updated.

# Not a target:
obj/client/client.o:
#  Implicit rule search has not been done.
#  Modification time never checked.
#  File has not been updated.

# Not a target:
Makefile:
#  Implicit rule search has been done.
#  Last modified 2021-06-19 18:44:48
#  File has been updated.
#  Successfully updated.
# variable set hash-table stats:
# Load=0/32=0%, Rehash=0, Collisions=0/0=0%

server: obj/server/server.o obj/server/server_utils.o obj/common/ft_putchar.o obj/common/ft_putnbr.o obj/common/ft_putstr.o obj/common/ft_atoi.o obj/common/print_error_message.o
#  Implicit rule search has not been done.
#  Last modified 2021-06-19 18:37:28
#  File has been updated.
#  Needs to be updated (-q is set).
# variable set hash-table stats:
# Load=0/32=0%, Rehash=0, Collisions=0/3=0%
#  commands to execute (from `Makefile', line 44):
	@echo $(ANSI_B_BGREEN) "compile executable: server" $(ANSI_RESET)$(ANSI_F_BBLACK)
 
	gcc $(CFLAGS) $(OBJ_SERVER) $(OBJ_COMMON) -o $(NAME_SERVER)
	@echo $(ANSI_RESET) ""
	

# Not a target:
obj/server/server_utils.o:
#  Implicit rule search has not been done.
#  Modification time never checked.
#  File has not been updated.

# Not a target:
inc/client.h:
#  Implicit rule search has been done.
#  Last modified 2021-06-19 16:12:03
#  File has been updated.
#  Successfully updated.
# variable set hash-table stats:
# Load=0/32=0%, Rehash=0, Collisions=0/0=0%

# Not a target:
obj/client/wait_for_ack.o:
#  Implicit rule search has not been done.
#  Modification time never checked.
#  File has not been updated.

fclean: clean
#  Phony target (prerequisite of .PHONY).
#  Implicit rule search has not been done.
#  File does not exist.
#  File has not been updated.
#  commands to execute (from `Makefile', line 63):
	@echo $(ANSI_B_RED) "fclean" $(ANSI_RESET)$(ANSI_F_BRED)
	rm -f $(NAME_SERVER)
	rm -f $(NAME_CLIENT)
	@echo $(ANSI_RESET) ""
	

lib:
#  Implicit rule search has not been done.
#  Modification time never checked.
#  File has not been updated.
#  commands to execute (from `Makefile', line 81):
	$(MAKE) -C libft
	

# Not a target:
obj/client/arg_management.o:
#  Implicit rule search has not been done.
#  Modification time never checked.
#  File has not been updated.

runs: all
#  Implicit rule search has not been done.
#  Modification time never checked.
#  File has not been updated.
#  commands to execute (from `Makefile', line 100):
	@echo $(ANSI_B_RED) "Running with sanitize" $(ANSI_RESET)
	gcc $(CFLAGS) -fsanitize=address $(OBJ_SERVER) $(OBJ_COMMON) $(LIBFT) -o server_s
	./server_s
	

# Not a target:
inc/ft_ansi.h:
#  Implicit rule search has been done.
#  Last modified 2021-06-19 14:16:24
#  File has been updated.
#  Successfully updated.
# variable set hash-table stats:
# Load=0/32=0%, Rehash=0, Collisions=0/0=0%

norm:
#  Implicit rule search has not been done.
#  Modification time never checked.
#  File has not been updated.
#  commands to execute (from `Makefile', line 84):
	@echo $(ANSI_B_RED) "norminette v3" $(ANSI_RESET)
	@norminette $(addprefix inc/,$(HEADER)) \
	$(addprefix src/,$(SRC_SERVER)) \
	$(addprefix src/,$(SRC_COMMON)) \
	$(addprefix src/,$(SRC_CLIENT))
	

runv: all
#  Implicit rule search has not been done.
#  Modification time never checked.
#  File has not been updated.
#  commands to execute (from `Makefile', line 95):
	@echo $(ANSI_B_RED) "Valgrind RESULT" $(ANSI_RESET)
	#valgrind -q --leak-check=full --track-origins=yes --show-leak-kinds=all ./$(NAME_SERVER)
	valgrind --leak-check=full --show-leak-kinds=all -s ./$(NAME_SERVER)
	

# Not a target:
.DEFAULT:
#  Implicit rule search has not been done.
#  Modification time never checked.
#  File has not been updated.

# Not a target:
obj/common/ft_atoi.o:
#  Implicit rule search has not been done.
#  Modification time never checked.
#  File has not been updated.

re: fclean all
#  Implicit rule search has not been done.
#  Modification time never checked.
#  File has not been updated.

obj/server/server.o: src/server/server.c inc/ft_ansi.h inc/minitalk.h inc/client.h
#  Implicit rule search has been done.
#  Implicit/static pattern stem: `server/server'
#  File does not exist.
#  File has been updated.
#  Needs to be updated (-q is set).
# automatic
# @ := obj/server/server.o
# automatic
# % := 
# automatic
# * := server/server
# automatic
# + := src/server/server.c inc/ft_ansi.h inc/minitalk.h inc/client.h
# automatic
# | := 
# automatic
# < := src/server/server.c
# automatic
# ^ := src/server/server.c inc/ft_ansi.h inc/minitalk.h inc/client.h
# automatic
# ? := src/server/server.c inc/ft_ansi.h inc/minitalk.h inc/client.h
# variable set hash-table stats:
# Load=8/32=25%, Rehash=0, Collisions=1/14=7%
#  commands to execute (from `Makefile', line 54):
	mkdir -p $(dir $@)
	gcc $(CFLAGS) -Iinc -c $< -o $@
	

run: all
#  Implicit rule search has not been done.
#  Modification time never checked.
#  File has not been updated.
#  commands to execute (from `Makefile', line 91):
	@echo $(ANSI_B_RED) "Running for debbuger without sanitize" $(ANSI_RESET)
	./$(NAME_SERVER)
	

# Not a target:
obj/common/ft_putnbr.o:
#  Implicit rule search has not been done.
#  Modification time never checked.
#  File has not been updated.

clean:
#  Phony target (prerequisite of .PHONY).
#  Implicit rule search has not been done.
#  File does not exist.
#  File has not been updated.
#  commands to execute (from `Makefile', line 58):
	@echo $(ANSI_B_RED) "clean" $(ANSI_RESET)$(ANSI_F_BRED)
	rm -rf $(OBJ_DIR)
	@echo $(ANSI_RESET) ""
	

# Not a target:
inc/minitalk.h:
#  Implicit rule search has been done.
#  Last modified 2021-06-19 16:12:03
#  File has been updated.
#  Successfully updated.
# variable set hash-table stats:
# Load=0/32=0%, Rehash=0, Collisions=0/0=0%

# Not a target:
src/server/server.c:
#  Implicit rule search has been done.
#  Last modified 2021-06-19 18:44:13
#  File has been updated.
#  Successfully updated.
# variable set hash-table stats:
# Load=0/32=0%, Rehash=0, Collisions=0/0=0%

# files hash-table stats:
# Load=29/1024=3%, Rehash=0, Collisions=2/77=3%
# VPATH Search Paths

# No `vpath' search paths.

# No general (`VPATH' variable) search path.

# # of strings in strcache: 1
# # of strcache buffers: 1
# strcache size: total = 4096 / max = 4096 / min = 4096 / avg = 4096
# strcache free: total = 4087 / max = 4087 / min = 4087 / avg = 4087

# Finished Make data base on Sat Jun 19 18:44:57 2021

 
